Line 27: Class MSComCtl2.DTPicker of control DTPicker1 was not a loaded control class.
Line 40: Class MSACAL.Calendar of control Calendar1 was not a loaded control class.
Line 33: The property name _ExtentX in DTPicker1 is invalid.
Line 34: The property name _ExtentY in DTPicker1 is invalid.
Line 35: The property name _Version in DTPicker1 is invalid.
Line 36: The property name CalendarBackColor in DTPicker1 is invalid.
Line 37: The property name Format in DTPicker1 is invalid.
Line 38: The property name CurrentDate in DTPicker1 is invalid.
Line 46: The property name _Version in Calendar1 is invalid.
Line 47: The property name _ExtentX in Calendar1 is invalid.
Line 48: The property name _ExtentY in Calendar1 is invalid.
Line 49: The property name _StockProps in Calendar1 is invalid.
Line 51: The property name Year in Calendar1 is invalid.
Line 52: The property name Month in Calendar1 is invalid.
Line 53: The property name Day in Calendar1 is invalid.
Line 54: The property name DayLength in Calendar1 is invalid.
Line 55: The property name MonthLength in Calendar1 is invalid.
Line 56: The property name DayFontColor in Calendar1 is invalid.
Line 57: The property name FirstDay in Calendar1 is invalid.
Line 58: The property name GridCellEffect in Calendar1 is invalid.
Line 59: The property name GridFontColor in Calendar1 is invalid.
Line 60: The property name GridLinesColor in Calendar1 is invalid.
Line 61: The property name ShowDateSelectors in Calendar1 is invalid.
Line 62: The property name ShowDays in Calendar1 is invalid.
Line 63: The property name ShowHorizontalGrid in Calendar1 is invalid.
Line 64: The property name ShowTitle in Calendar1 is invalid.
Line 65: The property name ShowVerticalGrid in Calendar1 is invalid.
Line 66: The property name TitleFontColor in Calendar1 is invalid.
Line 67: The property name ValueIsNull in Calendar1 is invalid.
Line 76: The property name DayFont in Calendar1 is invalid.
Line 85: The property name GridFont in Calendar1 is invalid.
Line 94: The property name TitleFont in Calendar1 is invalid.
