Line 26: Class ShockwaveFlashObjectsCtl.ShockwaveFlash of control about was not a loaded control class.
Line 32: The property name _cx in about is invalid.
Line 33: The property name _cy in about is invalid.
Line 34: The property name Movie in about is invalid.
Line 35: The property name Src in about is invalid.
Line 36: The property name WMode in about is invalid.
Line 37: The property name Play in about is invalid.
Line 38: The property name Loop in about is invalid.
Line 39: The property name Quality in about is invalid.
Line 40: The property name SAlign in about is invalid.
Line 41: The property name Menu in about is invalid.
Line 42: The property name Base in about is invalid.
Line 43: The property name Scale in about is invalid.
Line 44: The property name DeviceFont in about is invalid.
Line 45: The property name EmbedMovie in about is invalid.
Line 46: The property name BGColor in about is invalid.
Line 47: The property name SWRemote in about is invalid.
Line 48: The property name Stacking in about is invalid.
Line 32: The property name _cx in about is invalid.
Line 33: The property name _cy in about is invalid.
Line 34: The property name Movie in about is invalid.
Line 35: The property name Src in about is invalid.
Line 36: The property name WMode in about is invalid.
Line 37: The property name Play in about is invalid.
Line 38: The property name Loop in about is invalid.
Line 39: The property name Quality in about is invalid.
Line 40: The property name SAlign in about is invalid.
Line 41: The property name Menu in about is invalid.
Line 42: The property name Base in about is invalid.
Line 43: The property name Scale in about is invalid.
Line 44: The property name DeviceFont in about is invalid.
Line 45: The property name EmbedMovie in about is invalid.
Line 46: The property name BGColor in about is invalid.
Line 47: The property name SWRemote in about is invalid.
Line 48: The property name Stacking in about is invalid.
