[Bootstrap]
SetupTitle=Install
SetupText=Copying Files, please stand by.
CabFile=Project1.CAB
Spawn=Setup1.exe
Uninstal=st6unst.exe
TmpDir=msftqws.pdw

[Bootstrap Files]
File1=@VB6STKIT.DLL,$(WinSysPathSysFile),,,6/18/98 12:00:00 AM,102912,6.0.81.69
File2=@COMCAT.DLL,$(WinSysPathSysFile),$(DLLSelfRegister),,5/31/98 12:00:00 AM,22288,4.71.1460.1
File3=@stdole2.tlb,$(WinSysPathSysFile),$(TLBRegister),,4/13/08 9:12:08 PM,16896,5.1.2600.5512
File4=@asycfilt.dll,$(WinSysPathSysFile),,,4/14/08 5:41:50 AM,65024,5.1.2600.5512
File5=@olepro32.dll,$(WinSysPathSysFile),$(DLLSelfRegister),,4/14/08 5:42:04 AM,84992,5.1.2600.5512
File6=@oleaut32.dll,$(WinSysPathSysFile),$(DLLSelfRegister),,4/14/08 5:42:04 AM,551936,5.1.2600.5512
File7=@msvbvm60.dll,$(WinSysPathSysFile),$(DLLSelfRegister),,4/14/08 5:42:02 AM,1384479,6.0.98.2

[IconGroups]
Group0=Project1
PrivateGroup0=True
Parent0=$(Programs)

[Project1]
Icon1="Project1.EXE"
Title1=Project1
StartIn1=$(AppPath)

[Setup]
Title=Project1
DefaultDir=$(ProgramFiles)\Project1
AppExe=Project1.EXE
AppToUninstall=Project1.EXE

[Setup1 Files]
File1=@Project1.exe,$(AppPath),,,4/15/09 9:49:22 PM,20480,1.0.0.0
