Line 211: Class VSFlex8LCtl.VSFlexGrid of control Grid was not a loaded control class.
Line 217: The property name _cx in Grid is invalid.
Line 218: The property name _cy in Grid is invalid.
Line 234: The property name BackColorFixed in Grid is invalid.
Line 235: The property name ForeColorFixed in Grid is invalid.
Line 236: The property name BackColorSel in Grid is invalid.
Line 237: The property name ForeColorSel in Grid is invalid.
Line 238: The property name BackColorBkg in Grid is invalid.
Line 239: The property name BackColorAlternate in Grid is invalid.
Line 240: The property name GridColor in Grid is invalid.
Line 241: The property name GridColorFixed in Grid is invalid.
Line 242: The property name TreeColor in Grid is invalid.
Line 243: The property name FloodColor in Grid is invalid.
Line 244: The property name SheetBorder in Grid is invalid.
Line 245: The property name FocusRect in Grid is invalid.
Line 246: The property name HighLight in Grid is invalid.
Line 247: The property name AllowSelection in Grid is invalid.
Line 248: The property name AllowBigSelection in Grid is invalid.
Line 249: The property name AllowUserResizing in Grid is invalid.
Line 250: The property name SelectionMode in Grid is invalid.
Line 251: The property name GridLines in Grid is invalid.
Line 252: The property name GridLinesFixed in Grid is invalid.
Line 253: The property name GridLineWidth in Grid is invalid.
Line 254: The property name Rows in Grid is invalid.
Line 255: The property name Cols in Grid is invalid.
Line 256: The property name FixedRows in Grid is invalid.
Line 257: The property name FixedCols in Grid is invalid.
Line 258: The property name RowHeightMin in Grid is invalid.
Line 259: The property name RowHeightMax in Grid is invalid.
Line 260: The property name ColWidthMin in Grid is invalid.
Line 261: The property name ColWidthMax in Grid is invalid.
Line 262: The property name ExtendLastCol in Grid is invalid.
Line 263: The property name FormatString in Grid is invalid.
Line 264: The property name ScrollTrack in Grid is invalid.
Line 265: The property name ScrollBars in Grid is invalid.
Line 266: The property name ScrollTips in Grid is invalid.
Line 267: The property name MergeCells in Grid is invalid.
Line 268: The property name MergeCompare in Grid is invalid.
Line 269: The property name AutoResize in Grid is invalid.
Line 270: The property name AutoSizeMode in Grid is invalid.
Line 271: The property name AutoSearch in Grid is invalid.
Line 272: The property name AutoSearchDelay in Grid is invalid.
Line 273: The property name MultiTotals in Grid is invalid.
Line 274: The property name SubtotalPosition in Grid is invalid.
Line 275: The property name OutlineBar in Grid is invalid.
Line 276: The property name OutlineCol in Grid is invalid.
Line 277: The property name Ellipsis in Grid is invalid.
Line 278: The property name ExplorerBar in Grid is invalid.
Line 279: The property name PicturesOver in Grid is invalid.
Line 282: The property name PictureType in Grid is invalid.
Line 283: The property name TabBehavior in Grid is invalid.
Line 284: The property name OwnerDraw in Grid is invalid.
Line 285: The property name Editable in Grid is invalid.
Line 286: The property name ShowComboButton in Grid is invalid.
Line 287: The property name WordWrap in Grid is invalid.
Line 288: The property name TextStyle in Grid is invalid.
Line 289: The property name TextStyleFixed in Grid is invalid.
Line 292: The property name ComboSearch in Grid is invalid.
Line 293: The property name AutoSizeMouse in Grid is invalid.
Line 294: The property name FrozenRows in Grid is invalid.
Line 295: The property name FrozenCols in Grid is invalid.
Line 296: The property name AllowUserFreezing in Grid is invalid.
Line 297: The property name BackColorFrozen in Grid is invalid.
Line 298: The property name ForeColorFrozen in Grid is invalid.
Line 299: The property name WallPaperAlignment in Grid is invalid.
Line 300: The property name AccessibleName in Grid is invalid.
Line 301: The property name AccessibleDescription in Grid is invalid.
Line 302: The property name AccessibleValue in Grid is invalid.
Line 303: The property name AccessibleRole in Grid is invalid.
