Line 901: Class VSFlex8LCtl.VSFlexGrid of control GridMe was not a loaded control class.
Line 907: The property name _cx in GridMe is invalid.
Line 908: The property name _cy in GridMe is invalid.
Line 924: The property name BackColorFixed in GridMe is invalid.
Line 925: The property name ForeColorFixed in GridMe is invalid.
Line 926: The property name BackColorSel in GridMe is invalid.
Line 927: The property name ForeColorSel in GridMe is invalid.
Line 928: The property name BackColorBkg in GridMe is invalid.
Line 929: The property name BackColorAlternate in GridMe is invalid.
Line 930: The property name GridColor in GridMe is invalid.
Line 931: The property name GridColorFixed in GridMe is invalid.
Line 932: The property name TreeColor in GridMe is invalid.
Line 933: The property name FloodColor in GridMe is invalid.
Line 934: The property name SheetBorder in GridMe is invalid.
Line 935: The property name FocusRect in GridMe is invalid.
Line 936: The property name HighLight in GridMe is invalid.
Line 937: The property name AllowSelection in GridMe is invalid.
Line 938: The property name AllowBigSelection in GridMe is invalid.
Line 939: The property name AllowUserResizing in GridMe is invalid.
Line 940: The property name SelectionMode in GridMe is invalid.
Line 941: The property name GridLines in GridMe is invalid.
Line 942: The property name GridLinesFixed in GridMe is invalid.
Line 943: The property name GridLineWidth in GridMe is invalid.
Line 944: The property name Rows in GridMe is invalid.
Line 945: The property name Cols in GridMe is invalid.
Line 946: The property name FixedRows in GridMe is invalid.
Line 947: The property name FixedCols in GridMe is invalid.
Line 948: The property name RowHeightMin in GridMe is invalid.
Line 949: The property name RowHeightMax in GridMe is invalid.
Line 950: The property name ColWidthMin in GridMe is invalid.
Line 951: The property name ColWidthMax in GridMe is invalid.
Line 952: The property name ExtendLastCol in GridMe is invalid.
Line 953: The property name FormatString in GridMe is invalid.
Line 954: The property name ScrollTrack in GridMe is invalid.
Line 955: The property name ScrollBars in GridMe is invalid.
Line 956: The property name ScrollTips in GridMe is invalid.
Line 957: The property name MergeCells in GridMe is invalid.
Line 958: The property name MergeCompare in GridMe is invalid.
Line 959: The property name AutoResize in GridMe is invalid.
Line 960: The property name AutoSizeMode in GridMe is invalid.
Line 961: The property name AutoSearch in GridMe is invalid.
Line 962: The property name AutoSearchDelay in GridMe is invalid.
Line 963: The property name MultiTotals in GridMe is invalid.
Line 964: The property name SubtotalPosition in GridMe is invalid.
Line 965: The property name OutlineBar in GridMe is invalid.
Line 966: The property name OutlineCol in GridMe is invalid.
Line 967: The property name Ellipsis in GridMe is invalid.
Line 968: The property name ExplorerBar in GridMe is invalid.
Line 969: The property name PicturesOver in GridMe is invalid.
Line 972: The property name PictureType in GridMe is invalid.
Line 973: The property name TabBehavior in GridMe is invalid.
Line 974: The property name OwnerDraw in GridMe is invalid.
Line 975: The property name Editable in GridMe is invalid.
Line 976: The property name ShowComboButton in GridMe is invalid.
Line 977: The property name WordWrap in GridMe is invalid.
Line 978: The property name TextStyle in GridMe is invalid.
Line 979: The property name TextStyleFixed in GridMe is invalid.
Line 982: The property name ComboSearch in GridMe is invalid.
Line 983: The property name AutoSizeMouse in GridMe is invalid.
Line 984: The property name FrozenRows in GridMe is invalid.
Line 985: The property name FrozenCols in GridMe is invalid.
Line 986: The property name AllowUserFreezing in GridMe is invalid.
Line 987: The property name BackColorFrozen in GridMe is invalid.
Line 988: The property name ForeColorFrozen in GridMe is invalid.
Line 989: The property name WallPaperAlignment in GridMe is invalid.
Line 990: The property name AccessibleName in GridMe is invalid.
Line 991: The property name AccessibleDescription in GridMe is invalid.
Line 992: The property name AccessibleValue in GridMe is invalid.
Line 993: The property name AccessibleRole in GridMe is invalid.
