Line 513: Class VSFlex8LCtl.VSFlexGrid of control grid was not a loaded control class.
Line 519: The property name _cx in grid is invalid.
Line 520: The property name _cy in grid is invalid.
Line 536: The property name BackColorFixed in grid is invalid.
Line 537: The property name ForeColorFixed in grid is invalid.
Line 538: The property name BackColorSel in grid is invalid.
Line 539: The property name ForeColorSel in grid is invalid.
Line 540: The property name BackColorBkg in grid is invalid.
Line 541: The property name BackColorAlternate in grid is invalid.
Line 542: The property name GridColor in grid is invalid.
Line 543: The property name GridColorFixed in grid is invalid.
Line 544: The property name TreeColor in grid is invalid.
Line 545: The property name FloodColor in grid is invalid.
Line 546: The property name SheetBorder in grid is invalid.
Line 547: The property name FocusRect in grid is invalid.
Line 548: The property name HighLight in grid is invalid.
Line 549: The property name AllowSelection in grid is invalid.
Line 550: The property name AllowBigSelection in grid is invalid.
Line 551: The property name AllowUserResizing in grid is invalid.
Line 552: The property name SelectionMode in grid is invalid.
Line 553: The property name GridLines in grid is invalid.
Line 554: The property name GridLinesFixed in grid is invalid.
Line 555: The property name GridLineWidth in grid is invalid.
Line 556: The property name Rows in grid is invalid.
Line 557: The property name Cols in grid is invalid.
Line 558: The property name FixedRows in grid is invalid.
Line 559: The property name FixedCols in grid is invalid.
Line 560: The property name RowHeightMin in grid is invalid.
Line 561: The property name RowHeightMax in grid is invalid.
Line 562: The property name ColWidthMin in grid is invalid.
Line 563: The property name ColWidthMax in grid is invalid.
Line 564: The property name ExtendLastCol in grid is invalid.
Line 565: The property name FormatString in grid is invalid.
Line 566: The property name ScrollTrack in grid is invalid.
Line 567: The property name ScrollBars in grid is invalid.
Line 568: The property name ScrollTips in grid is invalid.
Line 569: The property name MergeCells in grid is invalid.
Line 570: The property name MergeCompare in grid is invalid.
Line 571: The property name AutoResize in grid is invalid.
Line 572: The property name AutoSizeMode in grid is invalid.
Line 573: The property name AutoSearch in grid is invalid.
Line 574: The property name AutoSearchDelay in grid is invalid.
Line 575: The property name MultiTotals in grid is invalid.
Line 576: The property name SubtotalPosition in grid is invalid.
Line 577: The property name OutlineBar in grid is invalid.
Line 578: The property name OutlineCol in grid is invalid.
Line 579: The property name Ellipsis in grid is invalid.
Line 580: The property name ExplorerBar in grid is invalid.
Line 581: The property name PicturesOver in grid is invalid.
Line 584: The property name PictureType in grid is invalid.
Line 585: The property name TabBehavior in grid is invalid.
Line 586: The property name OwnerDraw in grid is invalid.
Line 587: The property name Editable in grid is invalid.
Line 588: The property name ShowComboButton in grid is invalid.
Line 589: The property name WordWrap in grid is invalid.
Line 590: The property name TextStyle in grid is invalid.
Line 591: The property name TextStyleFixed in grid is invalid.
Line 594: The property name ComboSearch in grid is invalid.
Line 595: The property name AutoSizeMouse in grid is invalid.
Line 596: The property name FrozenRows in grid is invalid.
Line 597: The property name FrozenCols in grid is invalid.
Line 598: The property name AllowUserFreezing in grid is invalid.
Line 599: The property name BackColorFrozen in grid is invalid.
Line 600: The property name ForeColorFrozen in grid is invalid.
Line 601: The property name WallPaperAlignment in grid is invalid.
Line 602: The property name AccessibleName in grid is invalid.
Line 603: The property name AccessibleDescription in grid is invalid.
Line 604: The property name AccessibleValue in grid is invalid.
Line 605: The property name AccessibleRole in grid is invalid.
