Line 27: Class VistaSuitePro.OsenVistaTextBox of control TxtFiles was not a loaded control class.
Line 70: Class VistaSuitePro.OsenVistaCheckBox of control ChkPublic was not a loaded control class.
Line 94: Class VistaSuitePro.OsenVistaForm of control OsenXPForm1 was not a loaded control class.
Line 121: Class VistaSuitePro.OsenVistaStatusBar of control OsenXPStatusBar1 was not a loaded control class.
Line 168: Class VistaSuitePro.OsenVistaProgressBar of control pBar was not a loaded control class.
Line 190: Class VistaSuitePro.OsenVistaTextBox of control TxtData was not a loaded control class.
Line 230: Class VistaSuitePro.OsenVistaButton of control CmdSelectAll was not a loaded control class.
Line 257: Class VistaSuitePro.OsenVistaButton of control cmdUpgrade was not a loaded control class.
Line 284: Class VistaSuitePro.OsenVistaListBox of control LstFiles was not a loaded control class.
Line 342: Class VistaSuitePro.OsenVistaListBox of control lVBP was not a loaded control class.
Line 33: The property name _ExtentX in TxtFiles is invalid.
Line 34: The property name _ExtentY in TxtFiles is invalid.
Line 45: The property name BorderColor in TxtFiles is invalid.
Line 46: The property name ButtonCaption in TxtFiles is invalid.
Line 47: The property name ButtonPicture in TxtFiles is invalid.
Line 48: The property name ButtonVisible in TxtFiles is invalid.
Line 57: The property name ButtonFont in TxtFiles is invalid.
Line 58: The property name ButtonGradient in TxtFiles is invalid.
Line 59: The property name BackColorOver in TxtFiles is invalid.
Line 68: The property name LabelFont in TxtFiles is invalid.
Line 77: The property name _ExtentX in ChkPublic is invalid.
Line 78: The property name _ExtentY in ChkPublic is invalid.
Line 90: The property name Alignment in ChkPublic is invalid.
Line 91: The property name Caption in ChkPublic is invalid.
Line 92: The property name Style in ChkPublic is invalid.
Line 101: The property name _ExtentX in OsenXPForm1 is invalid.
Line 102: The property name _ExtentY in OsenXPForm1 is invalid.
Line 112: The property name Caption in OsenXPForm1 is invalid.
Line 113: The property name TitleTop in OsenXPForm1 is invalid.
Line 114: The property name icon in OsenXPForm1 is invalid.
Line 115: The property name ShowMinimize in OsenXPForm1 is invalid.
Line 116: The property name ShowMaximize in OsenXPForm1 is invalid.
Line 117: The property name UseDefaultTheme in OsenXPForm1 is invalid.
Line 118: The property name AllowFadeIn in OsenXPForm1 is invalid.
Line 119: The property name WindowColor in OsenXPForm1 is invalid.
Line 128: The property name _ExtentX in OsenXPStatusBar1 is invalid.
Line 129: The property name _ExtentY in OsenXPStatusBar1 is invalid.
Line 132: The property name ForeColorDissabled in OsenXPStatusBar1 is invalid.
Line 133: The property name MaskColor in OsenXPStatusBar1 is invalid.
Line 143: The property name ShowGripper in OsenXPStatusBar1 is invalid.
Line 144: The property name ShowSeperators in OsenXPStatusBar1 is invalid.
Line 145: The property name NumberOfPanels in OsenXPStatusBar1 is invalid.
Line 146: The property name HaveXPForm in OsenXPStatusBar1 is invalid.
Line 148: The property name WindowColor in OsenXPStatusBar1 is invalid.
Line 149: The property name PWidth1 in OsenXPStatusBar1 is invalid.
Line 150: The property name PMinWidth1 in OsenXPStatusBar1 is invalid.
Line 151: The property name pTTText1 in OsenXPStatusBar1 is invalid.
Line 152: The property name pType1 in OsenXPStatusBar1 is invalid.
Line 153: The property name pText1 in OsenXPStatusBar1 is invalid.
Line 154: The property name pTextAlignment1 in OsenXPStatusBar1 is invalid.
Line 155: The property name PanelPicture1 in OsenXPStatusBar1 is invalid.
Line 156: The property name PanelPicAlignment1 in OsenXPStatusBar1 is invalid.
Line 157: The property name PWidth2 in OsenXPStatusBar1 is invalid.
Line 158: The property name PMinWidth2 in OsenXPStatusBar1 is invalid.
Line 159: The property name pTTText2 in OsenXPStatusBar1 is invalid.
Line 160: The property name pType2 in OsenXPStatusBar1 is invalid.
Line 161: The property name pText2 in OsenXPStatusBar1 is invalid.
Line 162: The property name pTextAlignment2 in OsenXPStatusBar1 is invalid.
Line 163: The property name PanelPicture2 in OsenXPStatusBar1 is invalid.
Line 164: The property name PanelPicAlignment2 in OsenXPStatusBar1 is invalid.
Line 165: The property name GradientColor1 in OsenXPStatusBar1 is invalid.
Line 166: The property name GradientColor2 in OsenXPStatusBar1 is invalid.
Line 121: Property BorderStyle in OsenXPStatusBar1 could not be set.
Line 175: The property name _ExtentX in pBar is invalid.
Line 176: The property name _ExtentY in pBar is invalid.
Line 186: The property name BrushStyle in pBar is invalid.
Line 187: The property name Color in pBar is invalid.
Line 188: The property name Value in pBar is invalid.
Line 197: The property name _ExtentX in TxtData is invalid.
Line 198: The property name _ExtentY in TxtData is invalid.
Line 209: The property name BorderColor in TxtData is invalid.
Line 210: The property name MultiLine in TxtData is invalid.
Line 219: The property name ButtonFont in TxtData is invalid.
Line 228: The property name LabelFont in TxtData is invalid.
Line 236: The property name _ExtentX in CmdSelectAll is invalid.
Line 237: The property name _ExtentY in CmdSelectAll is invalid.
Line 238: The property name Caption in CmdSelectAll is invalid.
Line 248: The property name MPTR in CmdSelectAll is invalid.
Line 249: The property name MICON in CmdSelectAll is invalid.
Line 250: The property name PICN in CmdSelectAll is invalid.
Line 251: The property name UMCOL in CmdSelectAll is invalid.
Line 252: The property name XPBlendPicture in CmdSelectAll is invalid.
Line 253: The property name Style in CmdSelectAll is invalid.
Line 254: The property name BinaryImageNormal in CmdSelectAll is invalid.
Line 255: The property name BinaryImageOver in CmdSelectAll is invalid.
Line 263: The property name _ExtentX in cmdUpgrade is invalid.
Line 264: The property name _ExtentY in cmdUpgrade is invalid.
Line 265: The property name Caption in cmdUpgrade is invalid.
Line 275: The property name MPTR in cmdUpgrade is invalid.
Line 276: The property name MICON in cmdUpgrade is invalid.
Line 277: The property name PICN in cmdUpgrade is invalid.
Line 278: The property name UMCOL in cmdUpgrade is invalid.
Line 279: The property name XPBlendPicture in cmdUpgrade is invalid.
Line 280: The property name Style in cmdUpgrade is invalid.
Line 281: The property name BinaryImageNormal in cmdUpgrade is invalid.
Line 282: The property name BinaryImageOver in cmdUpgrade is invalid.
Line 290: The property name _ExtentX in LstFiles is invalid.
Line 291: The property name _ExtentY in LstFiles is invalid.
Line 303: The property name FontNormal in LstFiles is invalid.
Line 304: The property name BackSelected in LstFiles is invalid.
Line 305: The property name BackSelectedG1 in LstFiles is invalid.
Line 306: The property name BackSelectedG2 in LstFiles is invalid.
Line 307: The property name WordWrap in LstFiles is invalid.
Line 308: The property name ItemHeightAuto in LstFiles is invalid.
Line 309: The property name ItemOffset in LstFiles is invalid.
Line 310: The property name ItemTextLeft in LstFiles is invalid.
Line 311: The property name BorderColor in LstFiles is invalid.
Line 312: The property name Lstyle in LstFiles is invalid.
Line 313: The property name ShowHeader in LstFiles is invalid.
Line 314: The property name HeaderFormatString in LstFiles is invalid.
Line 315: The property name Columns in LstFiles is invalid.
Line 316: The property name ShowGridLines in LstFiles is invalid.
Line 317: The property name MaxAllColumnWidth in LstFiles is invalid.
Line 326: The property name HeaderFont in LstFiles is invalid.
Line 327: The property name IMGLIST in LstFiles is invalid.
Line 328: The property name ForeColorSelected in LstFiles is invalid.
Line 337: The property name LargeIconFont in LstFiles is invalid.
Line 338: The property name HeaderGradientTop in LstFiles is invalid.
Line 339: The property name HeaderGradientBottom in LstFiles is invalid.
Line 340: The property name BinaryImage in LstFiles is invalid.
Line 341: The property name WindowColor in LstFiles is invalid.
Line 349: The property name _ExtentX in lVBP is invalid.
Line 350: The property name _ExtentY in lVBP is invalid.
Line 362: The property name FontNormal in lVBP is invalid.
Line 363: The property name BackSelected in lVBP is invalid.
Line 364: The property name BackSelectedG1 in lVBP is invalid.
Line 365: The property name BackSelectedG2 in lVBP is invalid.
Line 366: The property name WordWrap in lVBP is invalid.
Line 367: The property name ItemHeightAuto in lVBP is invalid.
Line 368: The property name ItemOffset in lVBP is invalid.
Line 369: The property name SelectModeStyle in lVBP is invalid.
Line 370: The property name BorderColor in lVBP is invalid.
Line 371: The property name ShowHeader in lVBP is invalid.
Line 372: The property name ShowGridLines in lVBP is invalid.
Line 381: The property name HeaderFont in lVBP is invalid.
Line 382: The property name IMGLIST in lVBP is invalid.
Line 383: The property name ForeColorSelected in lVBP is invalid.
Line 392: The property name LargeIconFont in lVBP is invalid.
Line 393: The property name HeaderGradientTop in lVBP is invalid.
Line 394: The property name HeaderGradientBottom in lVBP is invalid.
Line 395: The property name HeaderGradientAllow in lVBP is invalid.
Line 396: The property name HeaderForeColor in lVBP is invalid.
Line 397: The property name BinaryImage in lVBP is invalid.
Line 398: The property name WindowColor in lVBP is invalid.
